Determining if the pthread_create exist failed with the following output:
Change Dir: /home/montura/ROS_Workaspace/catkin_ws/src/visodometry/cmake-build-debug/CMakeFiles/CMakeTmp

Run Build Command:"/usr/bin/make" "cmTC_b963b/fast"
/usr/bin/make -f CMakeFiles/cmTC_b963b.dir/build.make CMakeFiles/cmTC_b963b.dir/build
make[1]: Вход в каталог `/home/montura/ROS_Workaspace/catkin_ws/src/visodometry/cmake-build-debug/CMakeFiles/CMakeTmp'
Building C object CMakeFiles/cmTC_b963b.dir/CheckSymbolExists.c.o
/usr/bin/cc     -o CMakeFiles/cmTC_b963b.dir/CheckSymbolExists.c.o   -c /home/montura/ROS_Workaspace/catkin_ws/src/visodometry/cmake-build-debug/CMakeFiles/CMakeTmp/CheckSymbolExists.c
Linking C executable cmTC_b963b
/home/montura/Development/CLion/bin/cmake/bin/cmake -E cmake_link_script CMakeFiles/cmTC_b963b.dir/link.txt --verbose=1
/usr/bin/cc       CMakeFiles/cmTC_b963b.dir/CheckSymbolExists.c.o  -o cmTC_b963b -rdynamic 
CMakeFiles/cmTC_b963b.dir/CheckSymbolExists.c.o: In function `main':
CheckSymbolExists.c:(.text+0x16): undefined reference to `pthread_create'
collect2: error: ld returned 1 exit status
make[1]: *** [cmTC_b963b] Ошибка 1
make[1]: Выход из каталога `/home/montura/ROS_Workaspace/catkin_ws/src/visodometry/cmake-build-debug/CMakeFiles/CMakeTmp'
make: *** [cmTC_b963b/fast] Ошибка 2

File /home/montura/ROS_Workaspace/catkin_ws/src/visodometry/cmake-build-debug/CMakeFiles/CMakeTmp/CheckSymbolExists.c:
/* */
#include <pthread.h>

int main(int argc, char** argv)
{
  (void)argv;
#ifndef pthread_create
  return ((int*)(&pthread_create))[argc];
#else
  (void)argc;
  return 0;
#endif
}

Determining if the function pthread_create exists in the pthreads failed with the following output:
Change Dir: /home/montura/ROS_Workaspace/catkin_ws/src/visodometry/cmake-build-debug/CMakeFiles/CMakeTmp

Run Build Command:"/usr/bin/make" "cmTC_5e21a/fast"
/usr/bin/make -f CMakeFiles/cmTC_5e21a.dir/build.make CMakeFiles/cmTC_5e21a.dir/build
make[1]: Вход в каталог `/home/montura/ROS_Workaspace/catkin_ws/src/visodometry/cmake-build-debug/CMakeFiles/CMakeTmp'
Building C object CMakeFiles/cmTC_5e21a.dir/CheckFunctionExists.c.o
/usr/bin/cc    -DCHECK_FUNCTION_EXISTS=pthread_create   -o CMakeFiles/cmTC_5e21a.dir/CheckFunctionExists.c.o   -c /home/montura/Development/CLion/bin/cmake/share/cmake-3.7/Modules/CheckFunctionExists.c
Linking C executable cmTC_5e21a
/home/montura/Development/CLion/bin/cmake/bin/cmake -E cmake_link_script CMakeFiles/cmTC_5e21a.dir/link.txt --verbose=1
/usr/bin/cc   -DCHECK_FUNCTION_EXISTS=pthread_create    CMakeFiles/cmTC_5e21a.dir/CheckFunctionExists.c.o  -o cmTC_5e21a -rdynamic -lpthreads 
/usr/bin/ld: cannot find -lpthreads
collect2: error: ld returned 1 exit status
make[1]: *** [cmTC_5e21a] Ошибка 1
make[1]: Выход из каталога `/home/montura/ROS_Workaspace/catkin_ws/src/visodometry/cmake-build-debug/CMakeFiles/CMakeTmp'
make: *** [cmTC_5e21a/fast] Ошибка 2


